<?xml version="1.0" encoding="UTF-8"?>
<!-- Generated by org.testng.reporters.JUnitXMLReporter -->
<testsuite hostname="Sajus-MacBook-Pro-2.local" ignored="0" name="Default test" tests="3" failures="0" timestamp="13 Apr 2017 17:39:05 GMT" time="9.338" errors="0">
  <testcase name="getAllCountryName" time="4.88" classname="com.hellofresh.automation.ApiTest"/>
  <testcase name="validateCountry" time="2.504" classname="com.hellofresh.automation.ApiTest"/>
  <testcase name="validateIsoCode" time="1.936" classname="com.hellofresh.automation.ApiTest"/>
</testsuite> <!-- Default test -->
