<?xml version="1.0" encoding="UTF-8"?>
<testng-results skipped="0" failed="0" ignored="0" total="1" passed="1">
  <reporter-output>
    <line>
      <![CDATA[=================Test Case Start===============
]]>
    </line>
    <line>
      <![CDATA[
	verifyLogin]]>
    </line>
    <line>
      <![CDATA[=================Test Case Success===============
]]>
    </line>
    <line>
      <![CDATA[verifyLogin]]>
    </line>
  </reporter-output>
  <suite name="Suite" duration-ms="44372" started-at="2017-04-15T22:43:59Z" finished-at="2017-04-15T22:44:44Z">
    <groups>
    </groups>
    <test name="Login" duration-ms="44372" started-at="2017-04-15T22:43:59Z" finished-at="2017-04-15T22:44:44Z">
      <class name="com.hellofresh.automation.LoginTest">
        <test-method status="PASS" signature="setUp()[pri:0, instance:com.hellofresh.automation.LoginTest@1d730606]" name="setUp" is-config="true" duration-ms="7" started-at="2017-04-16T04:13:59Z" finished-at="2017-04-16T04:13:59Z">
          <reporter-output>
          </reporter-output>
        </test-method> <!-- setUp -->
        <test-method status="PASS" signature="verifyLogin()[pri:0, instance:com.hellofresh.automation.LoginTest@1d730606]" name="verifyLogin" duration-ms="44200" started-at="2017-04-16T04:13:59Z" finished-at="2017-04-16T04:14:43Z">
          <reporter-output>
            <line>
              <![CDATA[=================Test Case Start===============
]]>
            </line>
            <line>
              <![CDATA[
	verifyLogin]]>
            </line>
            <line>
              <![CDATA[=================Test Case Success===============
]]>
            </line>
            <line>
              <![CDATA[verifyLogin]]>
            </line>
          </reporter-output>
        </test-method> <!-- verifyLogin -->
        <test-method status="PASS" signature="tearDown()[pri:0, instance:com.hellofresh.automation.LoginTest@1d730606]" name="tearDown" is-config="true" duration-ms="150" started-at="2017-04-16T04:14:43Z" finished-at="2017-04-16T04:14:44Z">
          <reporter-output>
          </reporter-output>
        </test-method> <!-- tearDown -->
      </class> <!-- com.hellofresh.automation.LoginTest -->
    </test> <!-- Login -->
  </suite> <!-- Suite -->
</testng-results>
